<?xml version="1.0" encoding="UTF-8"?>
<testng-results ignored="0" total="1" passed="1" failed="0" skipped="0">
  <reporter-output>
  </reporter-output>
  <suite started-at="2022-12-14T16:22:28 IST" name="Failed suite [Suite]" finished-at="2022-12-14T16:22:37 IST" duration-ms="8849">
    <groups>
      <group name="abc">
        <method signature="TestNGPractice4.calenderModuleTestCase()[pri:0, instance:com.sdet44.practice.TestNGPractice4@121314f7]" name="calenderModuleTestCase" class="com.sdet44.practice.TestNGPractice4"/>
      </group> <!-- abc -->
    </groups>
    <test started-at="2022-12-14T16:22:28 IST" name="Test(failed)" finished-at="2022-12-14T16:22:37 IST" duration-ms="8849">
      <class name="com.sdet44.practice.TestNGPractice4">
        <test-method is-config="true" signature="testSetup()[pri:0, instance:com.sdet44.practice.TestNGPractice4@121314f7]" started-at="2022-12-14T16:22:28 IST" name="testSetup" finished-at="2022-12-14T16:22:31 IST" duration-ms="2730" status="PASS">
          <reporter-output>
          </reporter-output>
        </test-method> <!-- testSetup -->
        <test-method is-config="true" signature="methodSetup()[pri:0, instance:com.sdet44.practice.TestNGPractice4@121314f7]" started-at="2022-12-14T16:22:31 IST" name="methodSetup" finished-at="2022-12-14T16:22:32 IST" duration-ms="1852" status="PASS">
          <reporter-output>
          </reporter-output>
        </test-method> <!-- methodSetup -->
        <test-method signature="calenderModuleTestCase()[pri:0, instance:com.sdet44.practice.TestNGPractice4@121314f7]" started-at="2022-12-14T16:22:32 IST" name="calenderModuleTestCase" finished-at="2022-12-14T16:22:35 IST" duration-ms="2966" status="PASS">
          <reporter-output>
          </reporter-output>
        </test-method> <!-- calenderModuleTestCase -->
        <test-method is-config="true" signature="methodTearDown()[pri:0, instance:com.sdet44.practice.TestNGPractice4@121314f7]" started-at="2022-12-14T16:22:35 IST" name="methodTearDown" finished-at="2022-12-14T16:22:37 IST" duration-ms="1134" status="PASS">
          <reporter-output>
          </reporter-output>
        </test-method> <!-- methodTearDown -->
        <test-method is-config="true" signature="testTearDown()[pri:0, instance:com.sdet44.practice.TestNGPractice4@121314f7]" started-at="2022-12-14T16:22:37 IST" name="testTearDown" finished-at="2022-12-14T16:22:37 IST" duration-ms="130" status="PASS">
          <reporter-output>
          </reporter-output>
        </test-method> <!-- testTearDown -->
      </class> <!-- com.sdet44.practice.TestNGPractice4 -->
    </test> <!-- Test(failed) -->
  </suite> <!-- Failed suite [Suite] -->
</testng-results>
